<?xml version="1.0" encoding="UTF-8"?>
<testsuite xmlns:xsi="http://www.w3.org/2001/XMLSchema-instance" xsi:noNamespaceSchemaLocation="https://maven.apache.org/surefire/maven-surefire-plugin/xsd/surefire-test-report.xsd" name="TestSuite" time="206.065" tests="8" errors="0" skipped="0" failures="5">
  <properties>
[...]
</properties>
  <testcase name="loginpagetitletest" classname="com.qa.tests.Loginpagetest" time="0.023"/>
  <testcase name="loginfbtest" classname="com.qa.tests.Loginpagetest" time="23.061"/>
  <testcase name="verifyFBprofilename" classname="com.qa.tests.Homepagetest" time="6.733"/>
  <testcase name="languagenavigate" classname="com.qa.tests.Homepagetest" time="12.273">
    <failure message="element click intercepted: Element &lt;a dir=&quot;ltr&quot; href=&quot;/intl/save_locale/dialog/?loc=kn_IN&amp;amp;href=https%3A%2F%2Fwww.facebook.com%2F&amp;amp;ls_ref=www_card_selector&quot; lang=&quot;kn&quot; rel=&quot;dialog&quot; title=&quot;Kannada&quot; class=&quot;_5f4c&quot; role=&quot;button&quot;&gt;...&lt;/a&gt; is not clickable at point (818, 391). Other element would receive the click: &lt;div class=&quot;_3ixn&quot;&gt;&lt;/div&gt;&#10;  (Session info: chrome=81.0.4044.129)&#10;Build info: version: &apos;4.0.0-alpha-5&apos;, revision: &apos;b3a0d621cc&apos;&#10;System info: host: &apos;LAPTOP-GVQAM2BC&apos;, ip: &apos;192.168.56.1&apos;, os.name: &apos;Windows 10&apos;, os.arch: &apos;amd64&apos;, os.version: &apos;10.0&apos;, java.version: &apos;13&apos;&#10;Driver info: org.openqa.selenium.chrome.ChromeDriver&#10;Capabilities {acceptInsecureCerts: false, browserName: chrome, browserVersion: 81.0.4044.129, chrome: {chromedriverVersion: 81.0.4044.69 (6813546031a4b..., userDataDir: C:\windows\TEMP\scoped_dir7...}, goog:chromeOptions: {debuggerAddress: localhost:60401}, javascriptEnabled: true, networkConnectionEnabled: false, pageLoadStrategy: normal, platform: WINDOWS, platformName: WINDOWS, proxy: Proxy(), setWindowRect: true, strictFileInteractability: false, timeouts: {implicit: 0, pageLoad: 300000, script: 30000}, unhandledPromptBehavior: dismiss and notify, webauthn:virtualAuthenticators: true}&#10;Session ID: bdc9d9ec171f9df02b3428035cf68c18" type="org.openqa.selenium.ElementClickInterceptedException"><![CDATA[org.openqa.selenium.ElementClickInterceptedException: 
element click intercepted: Element <a dir="ltr" href="/intl/save_locale/dialog/?loc=kn_IN&amp;href=https%3A%2F%2Fwww.facebook.com%2F&amp;ls_ref=www_card_selector" lang="kn" rel="dialog" title="Kannada" class="_5f4c" role="button">...</a> is not clickable at point (818, 391). Other element would receive the click: <div class="_3ixn"></div>
  (Session info: chrome=81.0.4044.129)
Build info: version: '4.0.0-alpha-5', revision: 'b3a0d621cc'
System info: host: 'LAPTOP-GVQAM2BC', ip: '192.168.56.1', os.name: 'Windows 10', os.arch: 'amd64', os.version: '10.0', java.version: '13'
Driver info: org.openqa.selenium.chrome.ChromeDriver
Capabilities {acceptInsecureCerts: false, browserName: chrome, browserVersion: 81.0.4044.129, chrome: {chromedriverVersion: 81.0.4044.69 (6813546031a4b..., userDataDir: C:\windows\TEMP\scoped_dir7...}, goog:chromeOptions: {debuggerAddress: localhost:60401}, javascriptEnabled: true, networkConnectionEnabled: false, pageLoadStrategy: normal, platform: WINDOWS, platformName: WINDOWS, proxy: Proxy(), setWindowRect: true, strictFileInteractability: false, timeouts: {implicit: 0, pageLoad: 300000, script: 30000}, unhandledPromptBehavior: dismiss and notify, webauthn:virtualAuthenticators: true}
Session ID: bdc9d9ec171f9df02b3428035cf68c18
	at com.qa.tests.Homepagetest.languagenavigate(Homepagetest.java:48)
]]></failure>
    <system-out><![CDATA[Before navigating to: 'https://www.facebook.com/'
Navigated to:'https://www.facebook.com/'
Trying to find Element By : By.name: email
Found Element By : By.name: email
Trying to find Element By : By.name: pass
Found Element By : By.name: pass
Trying to find Element By : By.xpath: //input[@type='submit']
Found Element By : By.xpath: //input[@type='submit']
Trying to click on: [[ChromeDriver: chrome on WINDOWS (bdc9d9ec171f9df02b3428035cf68c18)] -> xpath: //input[@type='submit']]
Clicked on: [[ChromeDriver: chrome on WINDOWS (bdc9d9ec171f9df02b3428035cf68c18)] -> xpath: //input[@type='submit']]
Trying to find Element By : By.xpath: //a[@title='Kannada']
Found Element By : By.xpath: //a[@title='Kannada']
Trying to click on: [[ChromeDriver: chrome on WINDOWS (bdc9d9ec171f9df02b3428035cf68c18)] -> xpath: //a[@title='Kannada']]
Exception occured: org.openqa.selenium.ElementClickInterceptedException: element click intercepted: Element <a dir="ltr" href="/intl/save_locale/dialog/?loc=kn_IN&amp;href=https%3A%2F%2Fwww.facebook.com%2F&amp;ls_ref=www_card_selector" lang="kn" rel="dialog" title="Kannada" class="_5f4c" role="button">...</a> is not clickable at point (818, 391). Other element would receive the click: <div class="_3ixn"></div>
  (Session info: chrome=81.0.4044.129)
Build info: version: '4.0.0-alpha-5', revision: 'b3a0d621cc'
System info: host: 'LAPTOP-GVQAM2BC', ip: '192.168.56.1', os.name: 'Windows 10', os.arch: 'amd64', os.version: '10.0', java.version: '13'
Driver info: org.openqa.selenium.chrome.ChromeDriver
Capabilities {acceptInsecureCerts: false, browserName: chrome, browserVersion: 81.0.4044.129, chrome: {chromedriverVersion: 81.0.4044.69 (6813546031a4b..., userDataDir: C:\windows\TEMP\scoped_dir7...}, goog:chromeOptions: {debuggerAddress: localhost:60401}, javascriptEnabled: true, networkConnectionEnabled: false, pageLoadStrategy: normal, platform: WINDOWS, platformName: WINDOWS, proxy: Proxy(), setWindowRect: true, strictFileInteractability: false, timeouts: {implicit: 0, pageLoad: 300000, script: 30000}, unhandledPromptBehavior: dismiss and notify, webauthn:virtualAuthenticators: true}
Session ID: bdc9d9ec171f9df02b3428035cf68c18
]]></system-out>
    <system-err><![CDATA[Starting ChromeDriver 81.0.4044.69 (6813546031a4bc83f717a2ef7cd4ac6ec1199132-refs/branch-heads/4044@{#776}) on port 31480
Only local connections are allowed.
Please protect ports used by ChromeDriver and related test frameworks to prevent access by malicious code.
May 05, 2020 4:33:11 PM org.openqa.selenium.remote.ProtocolHandshake createSession
INFO: Detected dialect: W3C
[1588676596.848][SEVERE]: Timed out receiving message from renderer: 0.100
[1588676597.308][SEVERE]: Timed out receiving message from renderer: 0.100
[1588676598.061][SEVERE]: Timed out receiving message from renderer: 0.100
[1588676598.433][SEVERE]: Timed out receiving message from renderer: 0.100
[1588676599.357][SEVERE]: Timed out receiving message from renderer: 0.100
[1588676601.184][SEVERE]: Timed out receiving message from renderer: 0.100
[1588676601.542][SEVERE]: Timed out receiving message from renderer: 0.100
]]></system-err>
  </testcase>
  <testcase name="eventnavigate" classname="com.qa.tests.Homepagetest" time="29.026">
    <failure message="no such element: Unable to locate element: {&quot;method&quot;:&quot;xpath&quot;,&quot;selector&quot;:&quot;//ul[@class=&apos;_bui _3-96&apos;]//div[text()=&apos;Events&apos; and @dir=&apos;ltr&apos;]&quot;}&#10;  (Session info: chrome=81.0.4044.129)&#10;For documentation on this error, please visit: https://selenium.dev/exceptions/#no_such_element&#10;Build info: version: &apos;4.0.0-alpha-5&apos;, revision: &apos;b3a0d621cc&apos;&#10;System info: host: &apos;LAPTOP-GVQAM2BC&apos;, ip: &apos;192.168.56.1&apos;, os.name: &apos;Windows 10&apos;, os.arch: &apos;amd64&apos;, os.version: &apos;10.0&apos;, java.version: &apos;13&apos;&#10;Driver info: org.openqa.selenium.chrome.ChromeDriver&#10;Capabilities {acceptInsecureCerts: false, browserName: chrome, browserVersion: 81.0.4044.129, chrome: {chromedriverVersion: 81.0.4044.69 (6813546031a4b..., userDataDir: C:\windows\TEMP\scoped_dir2...}, goog:chromeOptions: {debuggerAddress: localhost:60441}, javascriptEnabled: true, networkConnectionEnabled: false, pageLoadStrategy: normal, platform: WINDOWS, platformName: WINDOWS, proxy: Proxy(), setWindowRect: true, strictFileInteractability: false, timeouts: {implicit: 0, pageLoad: 300000, script: 30000}, unhandledPromptBehavior: dismiss and notify, webauthn:virtualAuthenticators: true}&#10;Session ID: 12163cab961f052ba1daa85982a0e8fa&#10;*** Element info: {Using=xpath, value=//ul[@class=&apos;_bui _3-96&apos;]//div[text()=&apos;Events&apos; and @dir=&apos;ltr&apos;]}" type="org.openqa.selenium.NoSuchElementException">org.openqa.selenium.NoSuchElementException: 
no such element: Unable to locate element: {"method":"xpath","selector":"//ul[@class='_bui _3-96']//div[text()='Events' and @dir='ltr']"}
  (Session info: chrome=81.0.4044.129)
For documentation on this error, please visit: https://selenium.dev/exceptions/#no_such_element
Build info: version: '4.0.0-alpha-5', revision: 'b3a0d621cc'
System info: host: 'LAPTOP-GVQAM2BC', ip: '192.168.56.1', os.name: 'Windows 10', os.arch: 'amd64', os.version: '10.0', java.version: '13'
Driver info: org.openqa.selenium.chrome.ChromeDriver
Capabilities {acceptInsecureCerts: false, browserName: chrome, browserVersion: 81.0.4044.129, chrome: {chromedriverVersion: 81.0.4044.69 (6813546031a4b..., userDataDir: C:\windows\TEMP\scoped_dir2...}, goog:chromeOptions: {debuggerAddress: localhost:60441}, javascriptEnabled: true, networkConnectionEnabled: false, pageLoadStrategy: normal, platform: WINDOWS, platformName: WINDOWS, proxy: Proxy(), setWindowRect: true, strictFileInteractability: false, timeouts: {implicit: 0, pageLoad: 300000, script: 30000}, unhandledPromptBehavior: dismiss and notify, webauthn:virtualAuthenticators: true}
Session ID: 12163cab961f052ba1daa85982a0e8fa
*** Element info: {Using=xpath, value=//ul[@class='_bui _3-96']//div[text()='Events' and @dir='ltr']}
	at com.qa.tests.Homepagetest.eventnavigate(Homepagetest.java:55)
</failure>
    <system-out><![CDATA[Before navigating to: 'https://www.facebook.com/'
Navigated to:'https://www.facebook.com/'
Trying to find Element By : By.name: email
Found Element By : By.name: email
Trying to find Element By : By.name: pass
Found Element By : By.name: pass
Trying to find Element By : By.xpath: //input[@type='submit']
Found Element By : By.xpath: //input[@type='submit']
Trying to click on: [[ChromeDriver: chrome on WINDOWS (12163cab961f052ba1daa85982a0e8fa)] -> xpath: //input[@type='submit']]
Clicked on: [[ChromeDriver: chrome on WINDOWS (12163cab961f052ba1daa85982a0e8fa)] -> xpath: //input[@type='submit']]
Trying to find Element By : By.xpath: //ul[@class='_bui _3-96']//div[text()='Events' and @dir='ltr']
Exception occured: org.openqa.selenium.NoSuchElementException: no such element: Unable to locate element: {"method":"xpath","selector":"//ul[@class='_bui _3-96']//div[text()='Events' and @dir='ltr']"}
  (Session info: chrome=81.0.4044.129)
For documentation on this error, please visit: https://selenium.dev/exceptions/#no_such_element
Build info: version: '4.0.0-alpha-5', revision: 'b3a0d621cc'
System info: host: 'LAPTOP-GVQAM2BC', ip: '192.168.56.1', os.name: 'Windows 10', os.arch: 'amd64', os.version: '10.0', java.version: '13'
Driver info: org.openqa.selenium.chrome.ChromeDriver
Capabilities {acceptInsecureCerts: false, browserName: chrome, browserVersion: 81.0.4044.129, chrome: {chromedriverVersion: 81.0.4044.69 (6813546031a4b..., userDataDir: C:\windows\TEMP\scoped_dir2...}, goog:chromeOptions: {debuggerAddress: localhost:60441}, javascriptEnabled: true, networkConnectionEnabled: false, pageLoadStrategy: normal, platform: WINDOWS, platformName: WINDOWS, proxy: Proxy(), setWindowRect: true, strictFileInteractability: false, timeouts: {implicit: 0, pageLoad: 300000, script: 30000}, unhandledPromptBehavior: dismiss and notify, webauthn:virtualAuthenticators: true}
Session ID: 12163cab961f052ba1daa85982a0e8fa
*** Element info: {Using=xpath, value=//ul[@class='_bui _3-96']//div[text()='Events' and @dir='ltr']}
]]></system-out>
    <system-err><![CDATA[Starting ChromeDriver 81.0.4044.69 (6813546031a4bc83f717a2ef7cd4ac6ec1199132-refs/branch-heads/4044@{#776}) on port 15728
Only local connections are allowed.
Please protect ports used by ChromeDriver and related test frameworks to prevent access by malicious code.
May 05, 2020 4:34:02 PM org.openqa.selenium.remote.ProtocolHandshake createSession
INFO: Detected dialect: W3C
[1588676646.265][SEVERE]: Timed out receiving message from renderer: 0.100
[1588676646.370][SEVERE]: Timed out receiving message from renderer: 0.100
[1588676646.475][SEVERE]: Timed out receiving message from renderer: 0.100
[1588676646.579][SEVERE]: Timed out receiving message from renderer: 0.100
[1588676646.684][SEVERE]: Timed out receiving message from renderer: 0.100
[1588676646.789][SEVERE]: Timed out receiving message from renderer: 0.100
[1588676646.892][SEVERE]: Timed out receiving message from renderer: 0.100
[1588676647.271][SEVERE]: Timed out receiving message from renderer: 0.100
[1588676647.602][SEVERE]: Timed out receiving message from renderer: 0.100
[1588676647.741][SEVERE]: Timed out receiving message from renderer: 0.100
[1588676647.844][SEVERE]: Timed out receiving message from renderer: 0.100
[1588676648.073][SEVERE]: Timed out receiving message from renderer: 0.100
[1588676648.253][SEVERE]: Timed out receiving message from renderer: 0.100
[1588676648.355][SEVERE]: Timed out receiving message from renderer: 0.100
[1588676648.521][SEVERE]: Timed out receiving message from renderer: 0.100
[1588676648.626][SEVERE]: Timed out receiving message from renderer: 0.100
[1588676648.730][SEVERE]: Timed out receiving message from renderer: 0.100
[1588676648.873][SEVERE]: Timed out receiving message from renderer: 0.100
[1588676648.975][SEVERE]: Timed out receiving message from renderer: 0.100
[1588676649.078][SEVERE]: Timed out receiving message from renderer: 0.100
[1588676649.236][SEVERE]: Timed out receiving message from renderer: 0.100
[1588676649.340][SEVERE]: Timed out receiving message from renderer: 0.100
[1588676657.096][SEVERE]: Timed out receiving message from renderer: 0.100
[1588676657.215][SEVERE]: Timed out receiving message from renderer: 0.100
[1588676657.425][SEVERE]: Timed out receiving message from renderer: 0.100
[1588676657.755][SEVERE]: Timed out receiving message from renderer: 0.100
[1588676657.913][SEVERE]: Timed out receiving message from renderer: 0.100
]]></system-err>
  </testcase>
  <testcase name="createnewAccount" classname="com.qa.tests.SignupTest" time="1.047">
    <failure message="For input string: &quot;28.0&quot;" type="java.lang.NumberFormatException">java.lang.NumberFormatException: For input string: "28.0"
	at com.qa.tests.SignupTest.createnewAccount(SignupTest.java:41)
</failure>
    <system-out><![CDATA[Before navigating to: 'https://www.facebook.com/'
Navigated to:'https://www.facebook.com/'
Trying to find Element By : By.name: firstname
Found Element By : By.name: firstname
Trying to find Element By : By.name: lastname
Found Element By : By.name: lastname
Trying to find Element By : By.name: reg_email__
Found Element By : By.name: reg_email__
Trying to find Element By : By.name: reg_passwd__
Found Element By : By.name: reg_passwd__
Trying to find Element By : By.id: day
Found Element By : By.id: day
]]></system-out>
    <system-err><![CDATA[Starting ChromeDriver 81.0.4044.69 (6813546031a4bc83f717a2ef7cd4ac6ec1199132-refs/branch-heads/4044@{#776}) on port 5068
Only local connections are allowed.
Please protect ports used by ChromeDriver and related test frameworks to prevent access by malicious code.
May 05, 2020 4:34:44 PM org.openqa.selenium.remote.ProtocolHandshake createSession
INFO: Detected dialect: W3C
[1588676687.326][SEVERE]: Timed out receiving message from renderer: 0.100
[1588676687.428][SEVERE]: Timed out receiving message from renderer: 0.100
[1588676687.533][SEVERE]: Timed out receiving message from renderer: 0.100
[1588676687.638][SEVERE]: Timed out receiving message from renderer: 0.100
[1588676687.742][SEVERE]: Timed out receiving message from renderer: 0.100
[1588676687.848][SEVERE]: Timed out receiving message from renderer: 0.100
[1588676687.952][SEVERE]: Timed out receiving message from renderer: 0.100
[1588676688.059][SEVERE]: Timed out receiving message from renderer: 0.100
[1588676688.166][SEVERE]: Timed out receiving message from renderer: 0.100
[1588676688.270][SEVERE]: Timed out receiving message from renderer: 0.100
[1588676688.375][SEVERE]: Timed out receiving message from renderer: 0.100
[1588676688.804][SEVERE]: Timed out receiving message from renderer: 0.100
[1588676688.907][SEVERE]: Timed out receiving message from renderer: 0.100
[1588676689.237][SEVERE]: Timed out receiving message from renderer: 0.100
[1588676689.413][SEVERE]: Timed out receiving message from renderer: 0.100
[1588676689.518][SEVERE]: Timed out receiving message from renderer: 0.100
[1588676689.702][SEVERE]: Timed out receiving message from renderer: 0.100
[1588676689.900][SEVERE]: Timed out receiving message from renderer: 0.100
[1588676690.003][SEVERE]: Timed out receiving message from renderer: 0.100
[1588676690.105][SEVERE]: Timed out receiving message from renderer: 0.100
[1588676690.208][SEVERE]: Timed out receiving message from renderer: 0.100
[1588676690.405][SEVERE]: Timed out receiving message from renderer: 0.100
[1588676690.508][SEVERE]: Timed out receiving message from renderer: 0.100
[1588676690.611][SEVERE]: Timed out receiving message from renderer: 0.100
[1588676690.802][SEVERE]: Timed out receiving message from renderer: 0.100
[1588676690.905][SEVERE]: Timed out receiving message from renderer: 0.100
[1588676691.008][SEVERE]: Timed out receiving message from renderer: 0.100
[1588676691.111][SEVERE]: Timed out receiving message from renderer: 0.100
[1588676691.212][SEVERE]: Timed out receiving message from renderer: 0.100
[1588676691.350][SEVERE]: Timed out receiving message from renderer: 0.100
[1588676691.585][SEVERE]: Timed out receiving message from renderer: 0.100
]]></system-err>
  </testcase>
  <testcase name="createnewAccount" classname="com.qa.tests.SignupTest" time="0.937">
    <failure message="For input string: &quot;10.0&quot;" type="java.lang.NumberFormatException">java.lang.NumberFormatException: For input string: "10.0"
	at com.qa.tests.SignupTest.createnewAccount(SignupTest.java:41)
</failure>
    <system-out><![CDATA[Before navigating to: 'https://www.facebook.com/'
Navigated to:'https://www.facebook.com/'
Trying to find Element By : By.name: firstname
Found Element By : By.name: firstname
Trying to find Element By : By.name: lastname
Found Element By : By.name: lastname
Trying to find Element By : By.name: reg_email__
Found Element By : By.name: reg_email__
Trying to find Element By : By.name: reg_passwd__
Found Element By : By.name: reg_passwd__
Trying to find Element By : By.id: day
Found Element By : By.id: day
]]></system-out>
    <system-err><![CDATA[Starting ChromeDriver 81.0.4044.69 (6813546031a4bc83f717a2ef7cd4ac6ec1199132-refs/branch-heads/4044@{#776}) on port 25803
Only local connections are allowed.
Please protect ports used by ChromeDriver and related test frameworks to prevent access by malicious code.
May 05, 2020 4:34:57 PM org.openqa.selenium.remote.ProtocolHandshake createSession
INFO: Detected dialect: W3C
[1588676701.341][SEVERE]: Timed out receiving message from renderer: 0.100
[1588676701.447][SEVERE]: Timed out receiving message from renderer: 0.100
[1588676701.552][SEVERE]: Timed out receiving message from renderer: 0.100
[1588676701.957][SEVERE]: Timed out receiving message from renderer: 0.100
[1588676702.456][SEVERE]: Timed out receiving message from renderer: 0.100
[1588676702.798][SEVERE]: Timed out receiving message from renderer: 0.100
[1588676702.903][SEVERE]: Timed out receiving message from renderer: 0.100
[1588676703.008][SEVERE]: Timed out receiving message from renderer: 0.100
[1588676703.141][SEVERE]: Timed out receiving message from renderer: 0.100
[1588676703.246][SEVERE]: Timed out receiving message from renderer: 0.100
[1588676703.349][SEVERE]: Timed out receiving message from renderer: 0.100
[1588676703.473][SEVERE]: Timed out receiving message from renderer: 0.100
[1588676703.575][SEVERE]: Timed out receiving message from renderer: 0.100
[1588676703.679][SEVERE]: Timed out receiving message from renderer: 0.100
[1588676703.783][SEVERE]: Timed out receiving message from renderer: 0.100
[1588676703.893][SEVERE]: Timed out receiving message from renderer: 0.100
[1588676704.063][SEVERE]: Timed out receiving message from renderer: 0.100
]]></system-err>
  </testcase>
  <testcase name="createnewAccount" classname="com.qa.tests.SignupTest" time="0.764">
    <failure message="For input string: &quot;26.0&quot;" type="java.lang.NumberFormatException">java.lang.NumberFormatException: For input string: "26.0"
	at com.qa.tests.SignupTest.createnewAccount(SignupTest.java:41)
</failure>
    <system-out><![CDATA[Before navigating to: 'https://www.facebook.com/'
Navigated to:'https://www.facebook.com/'
Trying to find Element By : By.name: firstname
Found Element By : By.name: firstname
Trying to find Element By : By.name: lastname
Found Element By : By.name: lastname
Trying to find Element By : By.name: reg_email__
Found Element By : By.name: reg_email__
Trying to find Element By : By.name: reg_passwd__
Found Element By : By.name: reg_passwd__
Trying to find Element By : By.id: day
Found Element By : By.id: day
]]></system-out>
    <system-err><![CDATA[Starting ChromeDriver 81.0.4044.69 (6813546031a4bc83f717a2ef7cd4ac6ec1199132-refs/branch-heads/4044@{#776}) on port 22760
Only local connections are allowed.
Please protect ports used by ChromeDriver and related test frameworks to prevent access by malicious code.
May 05, 2020 4:35:09 PM org.openqa.selenium.remote.ProtocolHandshake createSession
INFO: Detected dialect: W3C
[1588676715.143][SEVERE]: Timed out receiving message from renderer: 0.100
[1588676715.519][SEVERE]: Timed out receiving message from renderer: 0.100
[1588676715.901][SEVERE]: Timed out receiving message from renderer: 0.100
[1588676716.713][SEVERE]: Timed out receiving message from renderer: 0.100
[1588676717.108][SEVERE]: Timed out receiving message from renderer: 0.100
[1588676717.946][SEVERE]: Timed out receiving message from renderer: 0.100
[1588676718.167][SEVERE]: Timed out receiving message from renderer: 0.100
[1588676718.396][SEVERE]: Timed out receiving message from renderer: 0.100
[1588676718.499][SEVERE]: Timed out receiving message from renderer: 0.100
[1588676718.688][SEVERE]: Timed out receiving message from renderer: 0.100
[1588676718.790][SEVERE]: Timed out receiving message from renderer: 0.100
[1588676718.896][SEVERE]: Timed out receiving message from renderer: 0.100
[1588676718.999][SEVERE]: Timed out receiving message from renderer: 0.100
[1588676719.141][SEVERE]: Timed out receiving message from renderer: 0.100
[1588676719.243][SEVERE]: Timed out receiving message from renderer: 0.100
[1588676719.347][SEVERE]: Timed out receiving message from renderer: 0.100
[1588676719.482][SEVERE]: Timed out receiving message from renderer: 0.100
[1588676719.587][SEVERE]: Timed out receiving message from renderer: 0.100
[1588676719.802][SEVERE]: Timed out receiving message from renderer: 0.100
]]></system-err>
  </testcase>
</testsuite>