<?xml version="1.0" encoding="UTF-8"?>
<testng-results ignored="0" total="2" passed="2" failed="0" skipped="0">
  <reporter-output>
  </reporter-output>
  <suite started-at="2020-05-05T17:17:35 IST" name="Default suite" finished-at="2020-05-05T17:18:02 IST" duration-ms="26933">
    <groups>
    </groups>
    <test started-at="2020-05-05T17:17:35 IST" name="Default test" finished-at="2020-05-05T17:18:02 IST" duration-ms="26933">
      <class name="com.qa.tests.SignupTest">
        <test-method is-config="true" signature="setup()[pri:0, instance:com.qa.tests.SignupTest@19bb07ed]" started-at="2020-05-05T17:17:36 IST" name="setup" finished-at="2020-05-05T17:17:49 IST" duration-ms="12040" status="PASS">
          <reporter-output>
          </reporter-output>
        </test-method> <!-- setup -->
        <test-method signature="createnewAccount(java.lang.String, java.lang.String, java.lang.String, java.lang.String, java.lang.String)[pri:1, instance:com.qa.tests.SignupTest@19bb07ed]" started-at="2020-05-05T17:17:49 IST" name="createnewAccount" data-provider="getfbTestData" finished-at="2020-05-05T17:17:50 IST" duration-ms="1297" status="PASS">
          <params>
            <param index="0">
              <value>
                <![CDATA[Navaneeth]]>
              </value>
            </param>
            <param index="1">
              <value>
                <![CDATA[Bhushan]]>
              </value>
            </param>
            <param index="2">
              <value>
                <![CDATA[nava@gmail.com]]>
              </value>
            </param>
            <param index="3">
              <value>
                <![CDATA[shdsgdf]]>
              </value>
            </param>
            <param index="4">
              <value>
                <![CDATA[28-Apr-1994]]>
              </value>
            </param>
          </params>
          <reporter-output>
          </reporter-output>
        </test-method> <!-- createnewAccount -->
        <test-method is-config="true" signature="teardown()[pri:0, instance:com.qa.tests.SignupTest@19bb07ed]" started-at="2020-05-05T17:17:50 IST" name="teardown" finished-at="2020-05-05T17:17:51 IST" duration-ms="748" status="PASS">
          <reporter-output>
          </reporter-output>
        </test-method> <!-- teardown -->
        <test-method is-config="true" signature="setup()[pri:0, instance:com.qa.tests.SignupTest@19bb07ed]" started-at="2020-05-05T17:17:51 IST" name="setup" finished-at="2020-05-05T17:18:00 IST" duration-ms="9637" status="PASS">
          <reporter-output>
          </reporter-output>
        </test-method> <!-- setup -->
        <test-method signature="createnewAccount(java.lang.String, java.lang.String, java.lang.String, java.lang.String, java.lang.String)[pri:1, instance:com.qa.tests.SignupTest@19bb07ed]" started-at="2020-05-05T17:18:00 IST" name="createnewAccount" data-provider="getfbTestData" finished-at="2020-05-05T17:18:02 IST" duration-ms="1294" status="PASS">
          <params>
            <param index="0">
              <value>
                <![CDATA[Vikram]]>
              </value>
            </param>
            <param index="1">
              <value>
                <![CDATA[Bhushan]]>
              </value>
            </param>
            <param index="2">
              <value>
                <![CDATA[jsdh@gmail.com]]>
              </value>
            </param>
            <param index="3">
              <value>
                <![CDATA[hsvgdhv]]>
              </value>
            </param>
            <param index="4">
              <value>
                <![CDATA[10-Feb-2000]]>
              </value>
            </param>
          </params>
          <reporter-output>
          </reporter-output>
        </test-method> <!-- createnewAccount -->
        <test-method is-config="true" signature="teardown()[pri:0, instance:com.qa.tests.SignupTest@19bb07ed]" started-at="2020-05-05T17:18:02 IST" name="teardown" finished-at="2020-05-05T17:18:02 IST" duration-ms="709" status="PASS">
          <reporter-output>
          </reporter-output>
        </test-method> <!-- teardown -->
      </class> <!-- com.qa.tests.SignupTest -->
    </test> <!-- Default test -->
  </suite> <!-- Default suite -->
</testng-results>
